<?xml version="1.0" encoding="UTF-8"?>
<testng-results ignored="0" total="1" passed="1" failed="0" skipped="0">
  <reporter-output>
  </reporter-output>
  <suite started-at="2021-11-26T11:28:50 EST" name="Default suite" finished-at="2021-11-26T11:29:10 EST" duration-ms="19628">
    <groups>
    </groups>
    <test started-at="2021-11-26T11:28:50 EST" name="Default test" finished-at="2021-11-26T11:29:10 EST" duration-ms="19628">
      <class name="Regression.PrimeTest">
        <test-method is-config="true" signature="beforeTest()[pri:0, instance:Regression.PrimeTest@57c758ac]" started-at="2021-11-26T11:28:50 EST" name="beforeTest" finished-at="2021-11-26T11:28:59 EST" duration-ms="9010" status="PASS">
          <reporter-output>
          </reporter-output>
        </test-method> <!-- beforeTest -->
        <test-method signature="f()[pri:0, instance:Regression.PrimeTest@57c758ac]" started-at="2021-11-26T11:28:59 EST" name="f" finished-at="2021-11-26T11:29:05 EST" duration-ms="5581" status="PASS">
          <reporter-output>
          </reporter-output>
        </test-method> <!-- f -->
        <test-method is-config="true" signature="afterTest()[pri:0, instance:Regression.PrimeTest@57c758ac]" started-at="2021-11-26T11:29:05 EST" name="afterTest" finished-at="2021-11-26T11:29:10 EST" duration-ms="5014" status="PASS">
          <reporter-output>
          </reporter-output>
        </test-method> <!-- afterTest -->
      </class> <!-- Regression.PrimeTest -->
    </test> <!-- Default test -->
  </suite> <!-- Default suite -->
</testng-results>
